{"name":"hexo","hostname":"kanghuadeMBP-2","pid":80663,"level":20,"msg":"Hexo version: \u001b[35m3.3.9\u001b[39m","time":"2018-01-30T08:29:27.698Z","v":0}
{"name":"hexo","hostname":"kanghuadeMBP-2","pid":80663,"level":20,"msg":"Working directory: \u001b[35m/data0/blog/\u001b[39m","time":"2018-01-30T08:29:27.700Z","v":0}
{"name":"hexo","hostname":"kanghuadeMBP-2","pid":80663,"level":20,"msg":"Config loaded: \u001b[35m/data0/blog/_config.yml\u001b[39m","time":"2018-01-30T08:29:27.769Z","v":0}
{"name":"hexo","hostname":"kanghuadeMBP-2","pid":80663,"level":20,"msg":"Plugin loaded: \u001b[35mhexo-generator-archive\u001b[39m","time":"2018-01-30T08:29:27.776Z","v":0}
{"name":"hexo","hostname":"kanghuadeMBP-2","pid":80663,"level":20,"msg":"Plugin loaded: \u001b[35mhexo-deployer-git\u001b[39m","time":"2018-01-30T08:29:27.785Z","v":0}
{"name":"hexo","hostname":"kanghuadeMBP-2","pid":80663,"level":20,"msg":"Plugin loaded: \u001b[35mhexo-generator-index\u001b[39m","time":"2018-01-30T08:29:27.787Z","v":0}
{"name":"hexo","hostname":"kanghuadeMBP-2","pid":80663,"level":20,"msg":"Plugin loaded: \u001b[35mhexo-generator-category\u001b[39m","time":"2018-01-30T08:29:27.788Z","v":0}
{"name":"hexo","hostname":"kanghuadeMBP-2","pid":80663,"level":20,"msg":"Plugin loaded: \u001b[35mhexo-generator-searchdb\u001b[39m","time":"2018-01-30T08:29:27.792Z","v":0}
{"name":"hexo","hostname":"kanghuadeMBP-2","pid":80663,"level":20,"msg":"Plugin loaded: \u001b[35mhexo-generator-tag\u001b[39m","time":"2018-01-30T08:29:27.793Z","v":0}
{"name":"hexo","hostname":"kanghuadeMBP-2","pid":80663,"level":20,"msg":"Plugin loaded: \u001b[35mhexo-renderer-ejs\u001b[39m","time":"2018-01-30T08:29:27.796Z","v":0}
{"name":"hexo","hostname":"kanghuadeMBP-2","pid":80663,"level":20,"msg":"Plugin loaded: \u001b[35mhexo-renderer-marked\u001b[39m","time":"2018-01-30T08:29:27.803Z","v":0}
{"name":"hexo","hostname":"kanghuadeMBP-2","pid":80663,"level":20,"msg":"Plugin loaded: \u001b[35mhexo-renderer-stylus\u001b[39m","time":"2018-01-30T08:29:27.804Z","v":0}
{"name":"hexo","hostname":"kanghuadeMBP-2","pid":80663,"level":20,"msg":"Plugin loaded: \u001b[35mhexo-server\u001b[39m","time":"2018-01-30T08:29:27.868Z","v":0}
{"name":"hexo","hostname":"kanghuadeMBP-2","pid":80663,"level":20,"msg":"Script loaded: \u001b[35mthemes/next/scripts/merge-configs.js\u001b[39m","time":"2018-01-30T08:29:27.875Z","v":0}
{"name":"hexo","hostname":"kanghuadeMBP-2","pid":80663,"level":20,"msg":"Script loaded: \u001b[35mthemes/next/scripts/tags/button.js\u001b[39m","time":"2018-01-30T08:29:27.875Z","v":0}
{"name":"hexo","hostname":"kanghuadeMBP-2","pid":80663,"level":20,"msg":"Script loaded: \u001b[35mthemes/next/scripts/tags/center-quote.js\u001b[39m","time":"2018-01-30T08:29:27.876Z","v":0}
{"name":"hexo","hostname":"kanghuadeMBP-2","pid":80663,"level":20,"msg":"Script loaded: \u001b[35mthemes/next/scripts/merge.js\u001b[39m","time":"2018-01-30T08:29:27.878Z","v":0}
{"name":"hexo","hostname":"kanghuadeMBP-2","pid":80663,"level":20,"msg":"Script loaded: \u001b[35mthemes/next/scripts/tags/exturl.js\u001b[39m","time":"2018-01-30T08:29:27.878Z","v":0}
{"name":"hexo","hostname":"kanghuadeMBP-2","pid":80663,"level":20,"msg":"Script loaded: \u001b[35mthemes/next/scripts/tags/full-image.js\u001b[39m","time":"2018-01-30T08:29:27.878Z","v":0}
{"name":"hexo","hostname":"kanghuadeMBP-2","pid":80663,"level":20,"msg":"Script loaded: \u001b[35mthemes/next/scripts/tags/group-pictures.js\u001b[39m","time":"2018-01-30T08:29:27.879Z","v":0}
{"name":"hexo","hostname":"kanghuadeMBP-2","pid":80663,"level":20,"msg":"Script loaded: \u001b[35mthemes/next/scripts/tags/lazy-image.js\u001b[39m","time":"2018-01-30T08:29:27.880Z","v":0}
{"name":"hexo","hostname":"kanghuadeMBP-2","pid":80663,"level":20,"msg":"Script loaded: \u001b[35mthemes/next/scripts/tags/note.js\u001b[39m","time":"2018-01-30T08:29:27.880Z","v":0}
{"name":"hexo","hostname":"kanghuadeMBP-2","pid":80663,"level":20,"msg":"Script loaded: \u001b[35mthemes/next/scripts/tags/label.js\u001b[39m","time":"2018-01-30T08:29:27.880Z","v":0}
{"name":"hexo","hostname":"kanghuadeMBP-2","pid":80663,"level":20,"msg":"Script loaded: \u001b[35mthemes/next/scripts/tags/tabs.js\u001b[39m","time":"2018-01-30T08:29:27.880Z","v":0}
{"name":"hexo","hostname":"kanghuadeMBP-2","pid":80663,"level":20,"msg":"Database saved","time":"2018-01-30T08:29:27.884Z","v":0}
